Flow report for VHDL
Thu Oct 26 15:07:12 2017
Quartus II 64-Bit Version 13.0.0 Build 156 04/24/2013 SJ Full Version


---------------------
; Table of Contents ;
---------------------
  1. Legal Notice
  2. Flow Summary
  3. Flow Settings
  4. Flow Non-Default Global Settings
  5. Flow Elapsed Time
  6. Flow OS Summary
  7. Flow Log
  8. Flow Messages
  9. Flow Suppressed Messages



----------------
; Legal Notice ;
----------------
Copyright (C) 1991-2013 Altera Corporation
Your use of Altera Corporation's design tools, logic functions 
and other software and tools, and its AMPP partner logic 
functions, and any output files from any of the foregoing 
(including device programming or simulation files), and any 
associated documentation or information are expressly subject 
to the terms and conditions of the Altera Program License 
Subscription Agreement, Altera MegaCore Function License 
Agreement, or other applicable license agreement, including, 
without limitation, that your use is for the sole purpose of 
programming logic devices manufactured by Altera and sold by 
Altera or its authorized distributors.  Please refer to the 
applicable agreement for further details.



+-------------------------------------------------------------------------+
; Flow Summary                                                            ;
+---------------------------+---------------------------------------------+
; Flow Status               ; Successful - Thu Oct 26 15:07:12 2017       ;
; Quartus II 64-Bit Version ; 13.0.0 Build 156 04/24/2013 SJ Full Version ;
; Revision Name             ; VHDL                                        ;
; Top-level Entity Name     ; VHDL                                        ;
; Family                    ; MAX V                                       ;
; Device                    ; 5M570ZT100C5                                ;
; Timing Models             ; Final                                       ;
; Total logic elements      ; 161 / 570 ( 28 % )                          ;
; Total pins                ; 16 / 74 ( 22 % )                            ;
; Total virtual pins        ; 0                                           ;
; UFM blocks                ; 0 / 1 ( 0 % )                               ;
+---------------------------+---------------------------------------------+


+-----------------------------------------+
; Flow Settings                           ;
+-------------------+---------------------+
; Option            ; Setting             ;
+-------------------+---------------------+
; Start date & time ; 10/26/2017 15:06:47 ;
; Main task         ; Compilation         ;
; Revision Name     ; VHDL                ;
+-------------------+---------------------+


+------------------------------------------------------------------------------------------------------------------+
; Flow Non-Default Global Settings                                                                                 ;
+---------------------------------+---------------------------------+---------------+-------------+----------------+
; Assignment Name                 ; Value                           ; Default Value ; Entity Name ; Section Id     ;
+---------------------------------+---------------------------------+---------------+-------------+----------------+
; COMPILER_SIGNATURE_ID           ; 109952947361959.150898360610780 ; --            ; --          ; --             ;
; EDA_GENERATE_FUNCTIONAL_NETLIST ; On                              ; --            ; --          ; eda_simulation ;
; EDA_OUTPUT_DATA_FORMAT          ; Verilog Hdl                     ; --            ; --          ; eda_simulation ;
; EDA_SIMULATION_TOOL             ; ModelSim-Altera (Verilog)       ; <None>        ; --          ; --             ;
; MAX_CORE_JUNCTION_TEMP          ; 85                              ; --            ; --          ; --             ;
; MIN_CORE_JUNCTION_TEMP          ; 0                               ; --            ; --          ; --             ;
; PROJECT_OUTPUT_DIRECTORY        ; output_files                    ; --            ; --          ; --             ;
+---------------------------------+---------------------------------+---------------+-------------+----------------+


+-------------------------------------------------------------------------------------------------------------------------------+
; Flow Elapsed Time                                                                                                             ;
+---------------------------+--------------+-------------------------+---------------------+------------------------------------+
; Module Name               ; Elapsed Time ; Average Processors Used ; Peak Virtual Memory ; Total CPU Time (on all processors) ;
+---------------------------+--------------+-------------------------+---------------------+------------------------------------+
; Analysis & Synthesis      ; 00:00:05     ; 1.0                     ; 469 MB              ; 00:00:02                           ;
; Fitter                    ; 00:00:04     ; 1.0                     ; 993 MB              ; 00:00:03                           ;
; Assembler                 ; 00:00:01     ; 1.0                     ; 389 MB              ; 00:00:01                           ;
; TimeQuest Timing Analyzer ; 00:00:04     ; 1.0                     ; 412 MB              ; 00:00:01                           ;
; EDA Netlist Writer        ; 00:00:02     ; 1.0                     ; 364 MB              ; 00:00:01                           ;
; Total                     ; 00:00:16     ; --                      ; --                  ; 00:00:08                           ;
+---------------------------+--------------+-------------------------+---------------------+------------------------------------+


+----------------------------------------------------------------------------------------+
; Flow OS Summary                                                                        ;
+---------------------------+------------------+-----------+------------+----------------+
; Module Name               ; Machine Hostname ; OS Name   ; OS Version ; Processor type ;
+---------------------------+------------------+-----------+------------+----------------+
; Analysis & Synthesis      ; EN-337567        ; Windows 7 ; 6.1        ; x86_64         ;
; Fitter                    ; EN-337567        ; Windows 7 ; 6.1        ; x86_64         ;
; Assembler                 ; EN-337567        ; Windows 7 ; 6.1        ; x86_64         ;
; TimeQuest Timing Analyzer ; EN-337567        ; Windows 7 ; 6.1        ; x86_64         ;
; EDA Netlist Writer        ; EN-337567        ; Windows 7 ; 6.1        ; x86_64         ;
+---------------------------+------------------+-----------+------------+----------------+


------------
; Flow Log ;
------------
quartus_map --read_settings_files=on --write_settings_files=off VHDL -c VHDL
quartus_fit --read_settings_files=off --write_settings_files=off VHDL -c VHDL
quartus_asm --read_settings_files=off --write_settings_files=off VHDL -c VHDL
quartus_sta VHDL -c VHDL
quartus_eda --read_settings_files=off --write_settings_files=off VHDL -c VHDL



